2026-04-26 21:22:40,097 - INFO - 🔐 Iniciando autenticação...
2026-04-26 21:22:40,098 - INFO - 🌐 Abrindo navegador para autenticação...
2026-04-27 20:12:40,036 - INFO - 🔐 Iniciando autenticação...
2026-04-27 20:12:40,048 - INFO - 🌐 Abrindo navegador para autenticação...
2026-04-27 20:29:02,151 - INFO - 🔐 Iniciando autenticação...
2026-04-27 20:29:02,203 - INFO - 🌐 Abrindo navegador para autenticação...
2026-04-27 20:29:42,021 - INFO - 🔐 Iniciando autenticação...
2026-04-27 20:29:42,022 - INFO - 🌐 Abrindo navegador para autenticação...
2026-04-27 20:29:48,851 - INFO - Please visit this URL to authorize this application: https://accounts.google.com/o/oauth2/auth?response_type=code&client_id=724659367636-qo85a26pmp1uo1f1uakrtvb4u5u74f4f.apps.googleusercontent.com&redirect_uri=http%3A%2F%2Flocalhost%3A51175%2F&scope=https%3A%2F%2Fwww.googleapis.com%2Fauth%2Fblogger&state=6A1wBFxcCraK8qbMY2CZSgdmpAyG1N&code_challenge=noHCLd421e1K-JuPaYseHwp5lUfAZUUBV1YvURpaWac&code_challenge_method=S256&access_type=offline
2026-04-27 20:30:30,985 - INFO - 🔐 Iniciando autenticação...
2026-04-27 20:30:30,986 - INFO - 🌐 Abrindo navegador para autenticação...
2026-04-27 20:30:35,932 - INFO - Please visit this URL to authorize this application: https://accounts.google.com/o/oauth2/auth?response_type=code&client_id=724659367636-qo85a26pmp1uo1f1uakrtvb4u5u74f4f.apps.googleusercontent.com&redirect_uri=http%3A%2F%2Flocalhost%3A33447%2F&scope=https%3A%2F%2Fwww.googleapis.com%2Fauth%2Fblogger&state=6XRvokpqL73BRt0yfo2HIepUMWAVMc&code_challenge=0H5ALiS05Xj2ZChJnyEwwYpptEzPIOUyK07mdXDHIJc&code_challenge_method=S256&access_type=offline
2026-04-27 20:31:40,655 - INFO - 🔐 Iniciando autenticação...
2026-04-27 20:31:40,655 - INFO - 🌐 Abrindo navegador para autenticação...
2026-04-27 20:31:45,454 - INFO - Please visit this URL to authorize this application: https://accounts.google.com/o/oauth2/auth?response_type=code&client_id=724659367636-qo85a26pmp1uo1f1uakrtvb4u5u74f4f.apps.googleusercontent.com&redirect_uri=http%3A%2F%2Flocalhost%3A34681%2F&scope=https%3A%2F%2Fwww.googleapis.com%2Fauth%2Fblogger&state=tU8oHwfzJLnjkNmPePsM1UT8OHQI5k&code_challenge=y3C5SfNOsb12NxUxWvN21O2u73pnbVLzj-Ivw2jzwZA&code_challenge_method=S256&access_type=offline
2026-04-27 21:00:57,637 - INFO - 🔐 Iniciando autenticação...
2026-04-27 21:00:57,649 - INFO - 🌐 Abrindo navegador para autenticação...
2026-04-27 21:01:05,636 - INFO - Please visit this URL to authorize this application: https://accounts.google.com/o/oauth2/auth?response_type=code&client_id=724659367636-qo85a26pmp1uo1f1uakrtvb4u5u74f4f.apps.googleusercontent.com&redirect_uri=http%3A%2F%2Flocalhost%3A54193%2F&scope=https%3A%2F%2Fwww.googleapis.com%2Fauth%2Fblogger&state=YkVJ5LJycw2UEWjYFUhDEubm0fhEEr&code_challenge=LPaaBR0YL1BblqF-Jgg7kUH0RPsHliIo9WvMfJ7IH1o&code_challenge_method=S256&access_type=offline
2026-04-27 21:04:18,196 - INFO - 🔐 Iniciando autenticação...
2026-04-27 21:04:18,197 - INFO - 🌐 Abrindo navegador para autenticação...
2026-04-27 21:04:23,082 - INFO - Please visit this URL to authorize this application: https://accounts.google.com/o/oauth2/auth?response_type=code&client_id=724659367636-qo85a26pmp1uo1f1uakrtvb4u5u74f4f.apps.googleusercontent.com&redirect_uri=http%3A%2F%2Flocalhost%3A47861%2F&scope=https%3A%2F%2Fwww.googleapis.com%2Fauth%2Fblogger&state=oGNUSVwMwaq6mFzbAc2sVE9kh8UJn5&code_challenge=2Y0qqopjzmBgFXDLsHnKZXi-R8GHr2luP6qD5EibH74&code_challenge_method=S256&access_type=offline
2026-04-27 21:49:43,409 - INFO - 🔐 Iniciando autenticação...
2026-04-27 21:49:43,421 - INFO - 🌐 Abrindo navegador para autenticação...
2026-04-27 21:49:51,640 - INFO - Please visit this URL to authorize this application: https://accounts.google.com/o/oauth2/auth?response_type=code&client_id=724659367636-qo85a26pmp1uo1f1uakrtvb4u5u74f4f.apps.googleusercontent.com&redirect_uri=http%3A%2F%2Flocalhost%3A36103%2F&scope=https%3A%2F%2Fwww.googleapis.com%2Fauth%2Fblogger&state=KkBSXebzvbKF5kx5e2b3H5zFaFcCWN&code_challenge=SVTslKIxHYREz1YDOSsSOVkt0HYD9q8hepbvKvGK9lk&code_challenge_method=S256&access_type=offline
2026-04-27 21:50:05,094 - INFO - 🔐 Iniciando autenticação...
2026-04-27 21:50:05,095 - INFO - 🌐 Abrindo navegador para autenticação...
2026-04-27 21:50:10,112 - INFO - Please visit this URL to authorize this application: https://accounts.google.com/o/oauth2/auth?response_type=code&client_id=724659367636-qo85a26pmp1uo1f1uakrtvb4u5u74f4f.apps.googleusercontent.com&redirect_uri=http%3A%2F%2Flocalhost%3A45773%2F&scope=https%3A%2F%2Fwww.googleapis.com%2Fauth%2Fblogger&state=3tpLejbdhGwyB1RrCBdN4i9YlXQl3h&code_challenge=uIjB1rzjYE_GeU9Vgh-1jKYa0R4N8Ujuo4dkc9ZsJyc&code_challenge_method=S256&access_type=offline
2026-04-27 21:52:35,900 - INFO - "GET /?state=3tpLejbdhGwyB1RrCBdN4i9YlXQl3h&iss=https://accounts.google.com&code=4/0AeoWuM8pTMtLHbkLbJgqGtJtMMRi8lJggiiHZ6TCkmfFqn8dXmDiBylAaosNhv8rv9z8jg&scope=https://www.googleapis.com/auth/blogger HTTP/1.1" 200 65
2026-04-27 21:52:39,878 - INFO - ✓ Token salvo em token.json
2026-04-27 21:52:40,944 - INFO - file_cache is only supported with oauth2client<4.0.0
2026-04-27 21:52:42,292 - INFO - ✓ Serviço Blogger conectado!
2026-04-27 21:52:43,857 - INFO - ✓ Blog encontrado: Olimpíada Anzan: O Desafio da Mente Rápida (ID: 4907498990384856747)
2026-04-27 21:52:43,858 - INFO - 🚀 Iniciando migração (status: LIVE)...
2026-04-27 21:52:45,168 - INFO - 📦 Baixados 17 posts (total: 17)
2026-04-27 21:52:45,169 - INFO - [1/17] Processando: Soroban Beat Master...
2026-04-27 21:52:45,246 - ERROR - ❌ Erro ao processar post 6059820421867503525: dump() missing 1 required positional argument: 'fd'
2026-04-27 21:52:45,246 - INFO - [2/17] Processando: Soroban Duel Arena...
2026-04-27 21:52:45,268 - ERROR - ❌ Erro ao processar post 154769675250727937: dump() missing 1 required positional argument: 'fd'
2026-04-27 21:52:45,269 - INFO - [3/17] Processando: 🤖AbaCaaS: O Primeiro Treinador de Ábaco com Inteli...
2026-04-27 21:52:45,285 - ERROR - ❌ Erro ao processar post 5224495063064989858: dump() missing 1 required positional argument: 'fd'
2026-04-27 21:52:45,285 - INFO - [4/17] Processando: 🧮🔬Laboratório de Técnicas...
2026-04-27 21:52:45,299 - ERROR - ❌ Erro ao processar post 6106197614527060281: dump() missing 1 required positional argument: 'fd'
2026-04-27 21:52:45,299 - INFO - [5/17] Processando: Soroban Dojo: O Jogo Definitivo de Cálculo Mental...
2026-04-27 21:52:45,308 - ERROR - ❌ Erro ao processar post 105808767655922402: dump() missing 1 required positional argument: 'fd'
2026-04-27 21:52:45,309 - INFO - [6/17] Processando: 👀 Desafio de Leitura Rápida...
2026-04-27 21:52:45,318 - ERROR - ❌ Erro ao processar post 2482144978307384423: dump() missing 1 required positional argument: 'fd'
2026-04-27 21:52:45,318 - INFO - [7/17] Processando: Como ler o Suan Pan...
2026-04-27 21:52:45,337 - ERROR - ❌ Erro ao processar post 1361088071783405347: dump() missing 1 required positional argument: 'fd'
2026-04-27 21:52:45,337 - INFO - [8/17] Processando: Tutorial completo do Soroban...
2026-04-27 21:52:45,349 - ERROR - ❌ Erro ao processar post 4072465254844197017: dump() missing 1 required positional argument: 'fd'
2026-04-27 21:52:45,349 - INFO - [9/17] Processando: Como ler o Soroban: Guia Prático para Iniciantes....
2026-04-27 21:52:45,359 - ERROR - ❌ Erro ao processar post 1601708012226706451: dump() missing 1 required positional argument: 'fd'
2026-04-27 21:52:45,360 - INFO - [10/17] Processando: Suan Pan - Interativo...
2026-04-27 21:52:45,372 - ERROR - ❌ Erro ao processar post 6490975118098615944: dump() missing 1 required positional argument: 'fd'
2026-04-27 21:52:45,373 - INFO - [11/17] Processando: 🌀 Ábaco Estranho: O Teste de Estresse da Gravidade...
2026-04-27 21:52:45,376 - ERROR - ❌ Erro ao processar post 9163165520852579689: dump() missing 1 required positional argument: 'fd'
2026-04-27 21:52:45,377 - INFO - [12/17] Processando: 🏆 Modo Anzan Master: O Desafio da Visualização Men...
2026-04-27 21:52:45,383 - ERROR - ❌ Erro ao processar post 6413210797066543991: dump() missing 1 required positional argument: 'fd'
2026-04-27 21:52:45,383 - INFO - [13/17] Processando: 🧠 A Lógica dos Complementos: Dominando as Regras d...
2026-04-27 21:52:45,402 - ERROR - ❌ Erro ao processar post 3458629491306582825: dump() missing 1 required positional argument: 'fd'
2026-04-27 21:52:45,402 - INFO - [14/17] Processando: 🧩 Quebra-cabeça Soroban...
2026-04-27 21:52:45,414 - ERROR - ❌ Erro ao processar post 5393760604733721878: dump() missing 1 required positional argument: 'fd'
2026-04-27 21:52:45,415 - INFO - [15/17] Processando: O Simulador Pro (A Base)...
2026-04-27 21:52:45,420 - ERROR - ❌ Erro ao processar post 1267401670304498802: dump() missing 1 required positional argument: 'fd'
2026-04-27 21:52:45,421 - INFO - [16/17] Processando: Olimpíada Anzan: Simulador Flash compácto Personal...
2026-04-27 21:52:45,427 - ERROR - ❌ Erro ao processar post 6197285131319229086: dump() missing 1 required positional argument: 'fd'
2026-04-27 21:52:45,428 - INFO - [17/17] Processando: Flash Anzan Pro: Treino de Velocidade com Projeção...
2026-04-27 21:52:45,443 - ERROR - ❌ Erro ao processar post 8704150142357038063: dump() missing 1 required positional argument: 'fd'
2026-04-27 21:52:45,444 - INFO - 
==================================================
2026-04-27 21:52:45,444 - INFO - ✅ Migração concluída!
2026-04-27 21:52:45,444 - INFO - 📊 Sucesso: 0/17 posts
2026-04-27 21:52:45,445 - INFO - 📁 Posts salvos em: /home/mauricio/Documents/Projetos/blog/_posts
2026-04-27 21:52:45,446 - INFO - 🖼️  Imagens salvas em: /home/mauricio/Documents/Projetos/blog/assets/images
2026-04-27 21:52:45,446 - INFO - ==================================================

2026-04-27 22:00:26,606 - INFO - 🔐 Iniciando autenticação...
2026-04-27 22:00:26,703 - INFO - file_cache is only supported with oauth2client<4.0.0
2026-04-27 22:00:26,775 - INFO - ✓ Serviço Blogger conectado!
2026-04-27 22:00:27,475 - INFO - ✓ Blog encontrado: Olimpíada Anzan: O Desafio da Mente Rápida
2026-04-27 22:00:27,475 - INFO - 🚀 Iniciando migração...
2026-04-27 22:00:28,734 - INFO - [1/1] Processando: Soroban Beat Master...
2026-04-27 22:00:28,753 - ERROR - ❌ ERRO CRÍTICO ao processar post 'Soroban Beat Master': dump() missing 1 required positional argument: 'fd'
2026-04-27 22:00:28,755 - INFO - 
==================================================
2026-04-27 22:00:28,755 - INFO - ✅ Migração concluída!
2026-04-27 22:00:28,755 - INFO - 📊 Sucesso: 0/1 posts
2026-04-27 22:00:28,755 - INFO - ==================================================

2026-04-27 22:04:48,763 - INFO - 🔐 Iniciando autenticação...
2026-04-27 22:04:48,844 - INFO - file_cache is only supported with oauth2client<4.0.0
2026-04-27 22:04:48,902 - INFO - ✓ Serviço Blogger conectado!
2026-04-27 22:04:50,135 - INFO - ✓ Blog encontrado: Olimpíada Anzan: O Desafio da Mente Rápida
2026-04-27 22:04:50,135 - INFO - 🚀 Iniciando migração...
2026-04-27 22:04:51,388 - INFO - [1/1] Processando: Soroban Beat Master...
2026-04-27 22:04:51,409 - INFO - ✓ Salvo: 2026-04-23-soroban-beat-master.md (417 bytes)
2026-04-27 22:04:51,410 - INFO - 
==================================================
2026-04-27 22:04:51,411 - INFO - ✅ Migração concluída!
2026-04-27 22:04:51,411 - INFO - 📊 Sucesso: 1/1 posts
2026-04-27 22:04:51,412 - INFO - ==================================================

2026-04-27 22:09:31,328 - INFO - 🔐 Iniciando autenticação...
2026-04-27 22:09:31,502 - INFO - file_cache is only supported with oauth2client<4.0.0
2026-04-27 22:09:31,575 - INFO - ✓ Serviço Blogger conectado!
2026-04-27 22:09:32,825 - INFO - ✓ Blog encontrado: Olimpíada Anzan: O Desafio da Mente Rápida
2026-04-27 22:09:32,826 - INFO - 🚀 Iniciando migração...
2026-04-27 22:09:34,106 - INFO - [1/17] Processando: Soroban Beat Master...
2026-04-27 22:09:34,124 - INFO - ✓ Salvo: 2026-04-23-soroban-beat-master.md (417 bytes)
2026-04-27 22:09:34,124 - INFO - [2/17] Processando: Soroban Duel Arena...
2026-04-27 22:09:34,156 - INFO - ✓ Salvo: 2026-04-23-soroban-duel-arena.md (624 bytes)
2026-04-27 22:09:34,157 - INFO - [3/17] Processando: 🤖AbaCaaS: O Primeiro Treinador de Ábaco ...
2026-04-27 22:09:34,172 - INFO - ✓ Salvo: 2026-04-22-abacaas-o-primeiro-treinador-de-baco-com-inteligncia-artific.md (1359 bytes)
2026-04-27 22:09:34,173 - INFO - [4/17] Processando: 🧮🔬Laboratório de Técnicas...
2026-04-27 22:09:34,189 - INFO - ✓ Salvo: 2026-04-22-laboratrio-de-tcnicas.md (897 bytes)
2026-04-27 22:09:34,190 - INFO - [5/17] Processando: Soroban Dojo: O Jogo Definitivo de Cálcu...
2026-04-27 22:09:34,204 - INFO - ✓ Salvo: 2026-04-22-soroban-dojo-o-jogo-definitivo-de-clculo-mental.md (540 bytes)
2026-04-27 22:09:34,204 - INFO - [6/17] Processando: 👀 Desafio de Leitura Rápida...
2026-04-27 22:09:34,220 - INFO - ✓ Salvo: 2026-04-21-desafio-de-leitura-rpida.md (507 bytes)
2026-04-27 22:09:34,220 - INFO - [7/17] Processando: Como ler o Suan Pan...
2026-04-27 22:09:34,248 - INFO - ✓ Salvo: 2026-04-19-como-ler-o-suan-pan.md (2689 bytes)
2026-04-27 22:09:34,249 - INFO - [8/17] Processando: Tutorial completo do Soroban...
2026-04-27 22:09:34,264 - INFO - ✓ Salvo: 2026-04-19-tutorial-completo-do-soroban.md (1708 bytes)
2026-04-27 22:09:34,265 - INFO - [9/17] Processando: Como ler o Soroban: Guia Prático para In...
2026-04-27 22:09:34,280 - INFO - ✓ Salvo: 2026-04-19-como-ler-o-soroban-guia-prtico-para-iniciantes.md (987 bytes)
2026-04-27 22:09:34,281 - INFO - [10/17] Processando: Suan Pan - Interativo...
2026-04-27 22:09:34,304 - INFO - ✓ Salvo: 2026-04-14-suan-pan-interativo.md (455 bytes)
2026-04-27 22:09:34,304 - INFO - [11/17] Processando: 🌀 Ábaco Estranho: O Teste de Estresse da...
2026-04-27 22:09:34,310 - INFO - ✓ Salvo: 2026-04-09-baco-estranho-o-teste-de-estresse-da-gravidade.md (384 bytes)
2026-04-27 22:09:34,311 - INFO - [12/17] Processando: 🏆 Modo Anzan Master: O Desafio da Visual...
2026-04-27 22:09:34,325 - INFO - ✓ Salvo: 2026-04-09-modo-anzan-master-o-desafio-da-visualizao-mental.md (437 bytes)
2026-04-27 22:09:34,325 - INFO - [13/17] Processando: 🧠 A Lógica dos Complementos: Dominando a...
2026-04-27 22:09:34,353 - INFO - ✓ Salvo: 2026-04-09-a-lgica-dos-complementos-dominando-as-regras-do-soroban.md (1273 bytes)
2026-04-27 22:09:34,354 - INFO - [14/17] Processando: 🧩 Quebra-cabeça Soroban...
2026-04-27 22:09:34,371 - INFO - ✓ Salvo: 2026-04-09-quebra-cabea-soroban.md (672 bytes)
2026-04-27 22:09:34,371 - INFO - [15/17] Processando: O Simulador Pro (A Base)...
2026-04-27 22:09:34,386 - INFO - ✓ Salvo: 2026-04-09-o-simulador-pro-a-base.md (514 bytes)
2026-04-27 22:09:34,386 - INFO - [16/17] Processando: Olimpíada Anzan: Simulador Flash compáct...
2026-04-27 22:09:34,393 - INFO - ✓ Salvo: 2026-04-03-olimpada-anzan-simulador-flash-compcto-personalizado-pro.md (441 bytes)
2026-04-27 22:09:34,394 - INFO - [17/17] Processando: Flash Anzan Pro: Treino de Velocidade co...
2026-04-27 22:09:34,408 - INFO - ✓ Salvo: 2026-04-03-flash-anzan-pro-treino-de-velocidade-com-projeo-em-tela-chei.md (840 bytes)
2026-04-27 22:09:34,408 - INFO - 
==================================================
2026-04-27 22:09:34,408 - INFO - ✅ Migração concluída!
2026-04-27 22:09:34,408 - INFO - 📊 Sucesso: 17/17 posts
2026-04-27 22:09:34,409 - INFO - ==================================================

2026-04-27 22:17:26,658 - INFO - 🔐 Iniciando autenticação...
2026-04-27 22:17:26,766 - INFO - file_cache is only supported with oauth2client<4.0.0
2026-04-27 22:17:26,826 - INFO - ✓ Serviço Blogger conectado!
2026-04-27 22:17:28,190 - INFO - ✓ Blog encontrado: Olimpíada Anzan: O Desafio da Mente Rápida
2026-04-27 22:17:28,190 - INFO - 🚀 Iniciando migração...
2026-04-27 22:17:29,422 - INFO - [1/17] Processando: Soroban Beat Master...
2026-04-27 22:17:29,434 - INFO - ✓ Salvo: 2026-04-23-soroban-beat-master.md (417 bytes)
2026-04-27 22:17:29,435 - INFO - [2/17] Processando: Soroban Duel Arena...
2026-04-27 22:17:29,447 - INFO - ✓ Salvo: 2026-04-23-soroban-duel-arena.md (624 bytes)
2026-04-27 22:17:29,448 - INFO - [3/17] Processando: 🤖AbaCaaS: O Primeiro Treinador de Ábaco ...
2026-04-27 22:17:29,465 - INFO - ✓ Salvo: 2026-04-22-abacaas-o-primeiro-treinador-de-baco-com-inteligncia-artific.md (1359 bytes)
2026-04-27 22:17:29,465 - INFO - [4/17] Processando: 🧮🔬Laboratório de Técnicas...
2026-04-27 22:17:29,482 - INFO - ✓ Salvo: 2026-04-22-laboratrio-de-tcnicas.md (897 bytes)
2026-04-27 22:17:29,483 - INFO - [5/17] Processando: Soroban Dojo: O Jogo Definitivo de Cálcu...
2026-04-27 22:17:29,493 - INFO - ✓ Salvo: 2026-04-22-soroban-dojo-o-jogo-definitivo-de-clculo-mental.md (540 bytes)
2026-04-27 22:17:29,493 - INFO - [6/17] Processando: 👀 Desafio de Leitura Rápida...
2026-04-27 22:17:29,503 - INFO - ✓ Salvo: 2026-04-21-desafio-de-leitura-rpida.md (507 bytes)
2026-04-27 22:17:29,503 - INFO - [7/17] Processando: Como ler o Suan Pan...
2026-04-27 22:17:29,523 - INFO - ✓ Salvo: 2026-04-19-como-ler-o-suan-pan.md (2689 bytes)
2026-04-27 22:17:29,524 - INFO - [8/17] Processando: Tutorial completo do Soroban...
2026-04-27 22:17:29,539 - INFO - ✓ Salvo: 2026-04-19-tutorial-completo-do-soroban.md (1708 bytes)
2026-04-27 22:17:29,540 - INFO - [9/17] Processando: Como ler o Soroban: Guia Prático para In...
2026-04-27 22:17:29,551 - INFO - ✓ Salvo: 2026-04-19-como-ler-o-soroban-guia-prtico-para-iniciantes.md (987 bytes)
2026-04-27 22:17:29,552 - INFO - [10/17] Processando: Suan Pan - Interativo...
2026-04-27 22:17:29,567 - INFO - ✓ Salvo: 2026-04-14-suan-pan-interativo.md (455 bytes)
2026-04-27 22:17:29,567 - INFO - [11/17] Processando: 🌀 Ábaco Estranho: O Teste de Estresse da...
2026-04-27 22:17:29,572 - INFO - ✓ Salvo: 2026-04-09-baco-estranho-o-teste-de-estresse-da-gravidade.md (384 bytes)
2026-04-27 22:17:29,572 - INFO - [12/17] Processando: 🏆 Modo Anzan Master: O Desafio da Visual...
2026-04-27 22:17:29,580 - INFO - ✓ Salvo: 2026-04-09-modo-anzan-master-o-desafio-da-visualizao-mental.md (437 bytes)
2026-04-27 22:17:29,580 - INFO - [13/17] Processando: 🧠 A Lógica dos Complementos: Dominando a...
2026-04-27 22:17:29,601 - INFO - ✓ Salvo: 2026-04-09-a-lgica-dos-complementos-dominando-as-regras-do-soroban.md (1273 bytes)
2026-04-27 22:17:29,602 - INFO - [14/17] Processando: 🧩 Quebra-cabeça Soroban...
2026-04-27 22:17:29,617 - INFO - ✓ Salvo: 2026-04-09-quebra-cabea-soroban.md (672 bytes)
2026-04-27 22:17:29,618 - INFO - [15/17] Processando: O Simulador Pro (A Base)...
2026-04-27 22:17:29,624 - INFO - ✓ Salvo: 2026-04-09-o-simulador-pro-a-base.md (514 bytes)
2026-04-27 22:17:29,624 - INFO - [16/17] Processando: Olimpíada Anzan: Simulador Flash compáct...
2026-04-27 22:17:29,631 - INFO - ✓ Salvo: 2026-04-03-olimpada-anzan-simulador-flash-compcto-personalizado-pro.md (441 bytes)
2026-04-27 22:17:29,632 - INFO - [17/17] Processando: Flash Anzan Pro: Treino de Velocidade co...
2026-04-27 22:17:29,644 - INFO - ✓ Salvo: 2026-04-03-flash-anzan-pro-treino-de-velocidade-com-projeo-em-tela-chei.md (840 bytes)
2026-04-27 22:17:29,645 - INFO - 
==================================================
2026-04-27 22:17:29,645 - INFO - ✅ Migração concluída!
2026-04-27 22:17:29,645 - INFO - 📊 Sucesso: 17/17 posts
2026-04-27 22:17:29,645 - INFO - ==================================================

